<?xml version="1.0" encoding="UTF-8"?>
<!-- Generated by org.testng.reporters.JUnitReportReporter -->
<testsuite hostname="Tannaz" failures="0" tests="1" name="Next_TestRunner.next_Testrunner" time="18.733" errors="0" timestamp="2023-10-29T13:42:23 EDT" skipped="0">
  <testcase classname="Next_TestRunner.next_Testrunner" name="feature" time="18.733"/>
</testsuite> <!-- Next_TestRunner.next_Testrunner -->
